<?xml version="1.0" encoding="UTF-8"?>
<testsuite name="com.monomobile.example.dognet.BreedListViewModelTest" tests="2" skipped="0" failures="0" errors="0" timestamp="2025-06-06T12:01:17" hostname="Mehmets-MacBook-Pro-163.local" time="0.009">
  <properties/>
  <testcase name="state emits Error when repository throws" classname="com.monomobile.example.dognet.BreedListViewModelTest" time="0.005"/>
  <testcase name="state emits Success when repository returns breeds" classname="com.monomobile.example.dognet.BreedListViewModelTest" time="0.004"/>
  <system-out><![CDATA[]]></system-out>
  <system-err><![CDATA[]]></system-err>
</testsuite>
