<?xml version="1.0" encoding="UTF-8"?>
<testsuite name="com.monomobile.example.dognet.BreedImagesViewModelTest" tests="2" skipped="0" failures="0" errors="0" timestamp="2025-06-06T12:01:16" hostname="Mehmets-MacBook-Pro-163.local" time="0.569">
  <properties/>
  <testcase name="state emits Error when repository throws" classname="com.monomobile.example.dognet.BreedImagesViewModelTest" time="0.564"/>
  <testcase name="state emits Success when repository returns images" classname="com.monomobile.example.dognet.BreedImagesViewModelTest" time="0.005"/>
  <system-out><![CDATA[]]></system-out>
  <system-err><![CDATA[]]></system-err>
</testsuite>
